2020-01-14 11:18:25.620 ERROR [$1$$anonfun$applyOrElse$1] [L.71  ] Uncaught error from thread [groupsuite-routing-akka.actor.default-dispatcher-22] shutting down JVM since 'akka.jvm-exit-on-fatal-error' is enabled
java.lang.NoClassDefFoundError: com/groupaxis/groupsuite/common/write/domain/model/user/UserMessages$FindUserByUsername
	at com.groupaxis.groupsuite.common.interfaces.http.HttpCommonService$$anonfun$routes$1$$anonfun$apply$2$$anonfun$apply$3$$anonfun$apply$4$$anonfun$apply$5$$anonfun$apply$6.apply(HttpCommonService.scala:97) ~[classes/:?]
	at com.groupaxis.groupsuite.common.interfaces.http.HttpCommonService$$anonfun$routes$1$$anonfun$apply$2$$anonfun$apply$3$$anonfun$apply$4$$anonfun$apply$5$$anonfun$apply$6.apply(HttpCommonService.scala:97) ~[classes/:?]
	at akka.http.scaladsl.server.directives.RouteDirectives$$anonfun$complete$1.apply(RouteDirectives.scala:59) ~[akka-http-experimental_2.11-2.4.4.jar:?]
	at akka.http.scaladsl.server.directives.RouteDirectives$$anonfun$complete$1.apply(RouteDirectives.scala:59) ~[akka-http-experimental_2.11-2.4.4.jar:?]
	at akka.http.scaladsl.server.StandardRoute$$anon$1.apply(StandardRoute.scala:19) ~[akka-http-experimental_2.11-2.4.4.jar:?]
	at akka.http.scaladsl.server.StandardRoute$$anon$1.apply(StandardRoute.scala:19) ~[akka-http-experimental_2.11-2.4.4.jar:?]
	at akka.http.scaladsl.server.directives.BasicDirectives$$anonfun$mapRouteResult$1$$anonfun$apply$3.apply(BasicDirectives.scala:52) ~[akka-http-experimental_2.11-2.4.4.jar:?]
	at akka.http.scaladsl.server.directives.BasicDirectives$$anonfun$mapRouteResult$1$$anonfun$apply$3.apply(BasicDirectives.scala:52) ~[akka-http-experimental_2.11-2.4.4.jar:?]
	at akka.http.scaladsl.server.directives.BasicDirectives$$anonfun$textract$1$$anonfun$apply$5.apply(BasicDirectives.scala:145) ~[akka-http-experimental_2.11-2.4.4.jar:?]
	at akka.http.scaladsl.server.directives.BasicDirectives$$anonfun$textract$1$$anonfun$apply$5.apply(BasicDirectives.scala:145) ~[akka-http-experimental_2.11-2.4.4.jar:?]
	at akka.http.scaladsl.server.RouteConcatenation$RouteWithConcatenation$$anonfun$$tilde$1.apply(RouteConcatenation.scala:44) ~[akka-http-experimental_2.11-2.4.4.jar:?]
	at akka.http.scaladsl.server.RouteConcatenation$RouteWithConcatenation$$anonfun$$tilde$1.apply(RouteConcatenation.scala:42) ~[akka-http-experimental_2.11-2.4.4.jar:?]
	at akka.http.scaladsl.server.RouteConcatenation$RouteWithConcatenation$$anonfun$$tilde$1.apply(RouteConcatenation.scala:44) ~[akka-http-experimental_2.11-2.4.4.jar:?]
	at akka.http.scaladsl.server.RouteConcatenation$RouteWithConcatenation$$anonfun$$tilde$1.apply(RouteConcatenation.scala:42) ~[akka-http-experimental_2.11-2.4.4.jar:?]
	at akka.http.scaladsl.server.directives.BasicDirectives$$anonfun$mapRequestContext$1$$anonfun$apply$1.apply(BasicDirectives.scala:34) ~[akka-http-experimental_2.11-2.4.4.jar:?]
	at akka.http.scaladsl.server.directives.BasicDirectives$$anonfun$mapRequestContext$1$$anonfun$apply$1.apply(BasicDirectives.scala:34) ~[akka-http-experimental_2.11-2.4.4.jar:?]
	at akka.http.scaladsl.server.directives.BasicDirectives$$anonfun$textract$1$$anonfun$apply$5.apply(BasicDirectives.scala:145) ~[akka-http-experimental_2.11-2.4.4.jar:?]
	at akka.http.scaladsl.server.directives.BasicDirectives$$anonfun$textract$1$$anonfun$apply$5.apply(BasicDirectives.scala:145) ~[akka-http-experimental_2.11-2.4.4.jar:?]
	at akka.http.scaladsl.server.RouteConcatenation$RouteWithConcatenation$$anonfun$$tilde$1.apply(RouteConcatenation.scala:44) ~[akka-http-experimental_2.11-2.4.4.jar:?]
	at akka.http.scaladsl.server.RouteConcatenation$RouteWithConcatenation$$anonfun$$tilde$1.apply(RouteConcatenation.scala:42) ~[akka-http-experimental_2.11-2.4.4.jar:?]
	at akka.http.scaladsl.server.directives.BasicDirectives$$anonfun$mapRouteResult$1$$anonfun$apply$3.apply(BasicDirectives.scala:52) ~[akka-http-experimental_2.11-2.4.4.jar:?]
	at akka.http.scaladsl.server.directives.BasicDirectives$$anonfun$mapRouteResult$1$$anonfun$apply$3.apply(BasicDirectives.scala:52) ~[akka-http-experimental_2.11-2.4.4.jar:?]
	at akka.http.scaladsl.server.directives.BasicDirectives$$anonfun$textract$1$$anonfun$apply$5.apply(BasicDirectives.scala:145) ~[akka-http-experimental_2.11-2.4.4.jar:?]
	at akka.http.scaladsl.server.directives.BasicDirectives$$anonfun$textract$1$$anonfun$apply$5.apply(BasicDirectives.scala:145) ~[akka-http-experimental_2.11-2.4.4.jar:?]
	at akka.http.scaladsl.server.directives.BasicDirectives$$anonfun$mapRequestContext$1$$anonfun$apply$1.apply(BasicDirectives.scala:34) ~[akka-http-experimental_2.11-2.4.4.jar:?]
	at akka.http.scaladsl.server.directives.BasicDirectives$$anonfun$mapRequestContext$1$$anonfun$apply$1.apply(BasicDirectives.scala:34) ~[akka-http-experimental_2.11-2.4.4.jar:?]
	at akka.http.scaladsl.server.directives.BasicDirectives$$anonfun$textract$1$$anonfun$apply$5.apply(BasicDirectives.scala:145) ~[akka-http-experimental_2.11-2.4.4.jar:?]
	at akka.http.scaladsl.server.directives.BasicDirectives$$anonfun$textract$1$$anonfun$apply$5.apply(BasicDirectives.scala:145) ~[akka-http-experimental_2.11-2.4.4.jar:?]
	at akka.http.scaladsl.server.RouteConcatenation$RouteWithConcatenation$$anonfun$$tilde$1$$anonfun$apply$1.apply(RouteConcatenation.scala:47) ~[akka-http-experimental_2.11-2.4.4.jar:?]
	at akka.http.scaladsl.server.RouteConcatenation$RouteWithConcatenation$$anonfun$$tilde$1$$anonfun$apply$1.apply(RouteConcatenation.scala:44) ~[akka-http-experimental_2.11-2.4.4.jar:?]
	at akka.http.scaladsl.util.FastFuture$.akka$http$scaladsl$util$FastFuture$$strictTransform$1(FastFuture.scala:41) ~[akka-http-core_2.11-2.4.4.jar:?]
	at akka.http.scaladsl.util.FastFuture$.transformWith$extension1(FastFuture.scala:45) ~[akka-http-core_2.11-2.4.4.jar:?]
	at akka.http.scaladsl.util.FastFuture$.flatMap$extension(FastFuture.scala:26) ~[akka-http-core_2.11-2.4.4.jar:?]
	at akka.http.scaladsl.server.RouteConcatenation$RouteWithConcatenation$$anonfun$$tilde$1.apply(RouteConcatenation.scala:44) ~[akka-http-experimental_2.11-2.4.4.jar:?]
	at akka.http.scaladsl.server.RouteConcatenation$RouteWithConcatenation$$anonfun$$tilde$1.apply(RouteConcatenation.scala:42) ~[akka-http-experimental_2.11-2.4.4.jar:?]
	at akka.http.scaladsl.server.directives.BasicDirectives$$anonfun$mapRouteResult$1$$anonfun$apply$3.apply(BasicDirectives.scala:52) ~[akka-http-experimental_2.11-2.4.4.jar:?]
	at akka.http.scaladsl.server.directives.BasicDirectives$$anonfun$mapRouteResult$1$$anonfun$apply$3.apply(BasicDirectives.scala:52) ~[akka-http-experimental_2.11-2.4.4.jar:?]
	at akka.http.scaladsl.server.directives.BasicDirectives$$anonfun$textract$1$$anonfun$apply$5.apply(BasicDirectives.scala:145) ~[akka-http-experimental_2.11-2.4.4.jar:?]
	at akka.http.scaladsl.server.directives.BasicDirectives$$anonfun$textract$1$$anonfun$apply$5.apply(BasicDirectives.scala:145) ~[akka-http-experimental_2.11-2.4.4.jar:?]
	at akka.http.scaladsl.server.RouteConcatenation$RouteWithConcatenation$$anonfun$$tilde$1$$anonfun$apply$1.apply(RouteConcatenation.scala:47) ~[akka-http-experimental_2.11-2.4.4.jar:?]
	at akka.http.scaladsl.server.RouteConcatenation$RouteWithConcatenation$$anonfun$$tilde$1$$anonfun$apply$1.apply(RouteConcatenation.scala:44) ~[akka-http-experimental_2.11-2.4.4.jar:?]
	at akka.http.scaladsl.util.FastFuture$.akka$http$scaladsl$util$FastFuture$$strictTransform$1(FastFuture.scala:41) ~[akka-http-core_2.11-2.4.4.jar:?]
	at akka.http.scaladsl.util.FastFuture$.transformWith$extension1(FastFuture.scala:45) ~[akka-http-core_2.11-2.4.4.jar:?]
	at akka.http.scaladsl.util.FastFuture$.flatMap$extension(FastFuture.scala:26) ~[akka-http-core_2.11-2.4.4.jar:?]
	at akka.http.scaladsl.server.RouteConcatenation$RouteWithConcatenation$$anonfun$$tilde$1.apply(RouteConcatenation.scala:44) ~[akka-http-experimental_2.11-2.4.4.jar:?]
	at akka.http.scaladsl.server.RouteConcatenation$RouteWithConcatenation$$anonfun$$tilde$1.apply(RouteConcatenation.scala:42) ~[akka-http-experimental_2.11-2.4.4.jar:?]
	at akka.http.scaladsl.server.RouteConcatenation$RouteWithConcatenation$$anonfun$$tilde$1.apply(RouteConcatenation.scala:44) ~[akka-http-experimental_2.11-2.4.4.jar:?]
	at akka.http.scaladsl.server.RouteConcatenation$RouteWithConcatenation$$anonfun$$tilde$1.apply(RouteConcatenation.scala:42) ~[akka-http-experimental_2.11-2.4.4.jar:?]
	at akka.http.scaladsl.server.RouteConcatenation$RouteWithConcatenation$$anonfun$$tilde$1.apply(RouteConcatenation.scala:44) ~[akka-http-experimental_2.11-2.4.4.jar:?]
	at akka.http.scaladsl.server.RouteConcatenation$RouteWithConcatenation$$anonfun$$tilde$1.apply(RouteConcatenation.scala:42) ~[akka-http-experimental_2.11-2.4.4.jar:?]
	at akka.http.scaladsl.server.directives.BasicDirectives$$anonfun$mapRouteResultWith$1$$anonfun$apply$4.apply(BasicDirectives.scala:58) ~[akka-http-experimental_2.11-2.4.4.jar:?]
	at akka.http.scaladsl.server.directives.BasicDirectives$$anonfun$mapRouteResultWith$1$$anonfun$apply$4.apply(BasicDirectives.scala:58) ~[akka-http-experimental_2.11-2.4.4.jar:?]
	at akka.http.scaladsl.server.directives.BasicDirectives$$anonfun$textract$1$$anonfun$apply$5.apply(BasicDirectives.scala:145) ~[akka-http-experimental_2.11-2.4.4.jar:?]
	at akka.http.scaladsl.server.directives.BasicDirectives$$anonfun$textract$1$$anonfun$apply$5.apply(BasicDirectives.scala:145) ~[akka-http-experimental_2.11-2.4.4.jar:?]
	at akka.http.scaladsl.server.directives.ExecutionDirectives$$anonfun$handleExceptions$1$$anonfun$apply$1.apply(ExecutionDirectives.scala:33) ~[akka-http-experimental_2.11-2.4.4.jar:?]
	at akka.http.scaladsl.server.directives.ExecutionDirectives$$anonfun$handleExceptions$1$$anonfun$apply$1.apply(ExecutionDirectives.scala:29) ~[akka-http-experimental_2.11-2.4.4.jar:?]
	at akka.http.scaladsl.server.Route$$anonfun$asyncHandler$1.apply(Route.scala:70) ~[akka-http-experimental_2.11-2.4.4.jar:?]
	at akka.http.scaladsl.server.Route$$anonfun$asyncHandler$1.apply(Route.scala:69) ~[akka-http-experimental_2.11-2.4.4.jar:?]
	at akka.stream.impl.fusing.MapAsync$$anon$8.onPush(Ops.scala:761) ~[akka-stream_2.11-2.4.4.jar:?]
	at akka.stream.impl.fusing.GraphInterpreter.processElement$1(GraphInterpreter.scala:587) ~[akka-stream_2.11-2.4.4.jar:?]
	at akka.stream.impl.fusing.GraphInterpreter.processEvent(GraphInterpreter.scala:598) ~[akka-stream_2.11-2.4.4.jar:?]
	at akka.stream.impl.fusing.GraphInterpreter.execute(GraphInterpreter.scala:539) ~[akka-stream_2.11-2.4.4.jar:?]
	at akka.stream.impl.fusing.GraphInterpreterShell.runBatch(ActorGraphInterpreter.scala:469) ~[akka-stream_2.11-2.4.4.jar:?]
	at akka.stream.impl.fusing.GraphInterpreterShell.receive(ActorGraphInterpreter.scala:421) ~[akka-stream_2.11-2.4.4.jar:?]
	at akka.stream.impl.fusing.ActorGraphInterpreter.akka$stream$impl$fusing$ActorGraphInterpreter$$processEvent(ActorGraphInterpreter.scala:593) ~[akka-stream_2.11-2.4.4.jar:?]
	at akka.stream.impl.fusing.ActorGraphInterpreter$$anonfun$receive$1.applyOrElse(ActorGraphInterpreter.scala:604) ~[akka-stream_2.11-2.4.4.jar:?]
	at akka.actor.Actor$class.aroundReceive(Actor.scala:482) ~[akka-actor_2.11-2.4.4.jar:?]
	at akka.stream.impl.fusing.ActorGraphInterpreter.aroundReceive(ActorGraphInterpreter.scala:519) ~[akka-stream_2.11-2.4.4.jar:?]
	at akka.actor.ActorCell.receiveMessage(ActorCell.scala:526) [akka-actor_2.11-2.4.4.jar:?]
	at akka.actor.ActorCell.invoke(ActorCell.scala:495) [akka-actor_2.11-2.4.4.jar:?]
	at akka.dispatch.Mailbox.processMailbox(Mailbox.scala:257) [akka-actor_2.11-2.4.4.jar:?]
	at akka.dispatch.Mailbox.run(Mailbox.scala:224) [akka-actor_2.11-2.4.4.jar:?]
	at akka.dispatch.Mailbox.exec(Mailbox.scala:234) [akka-actor_2.11-2.4.4.jar:?]
	at scala.concurrent.forkjoin.ForkJoinTask.doExec(ForkJoinTask.java:260) [scala-library-2.11.8.jar:?]
	at scala.concurrent.forkjoin.ForkJoinPool$WorkQueue.runTask(ForkJoinPool.java:1339) [scala-library-2.11.8.jar:?]
	at scala.concurrent.forkjoin.ForkJoinPool.runWorker(ForkJoinPool.java:1979) [scala-library-2.11.8.jar:?]
	at scala.concurrent.forkjoin.ForkJoinWorkerThread.run(ForkJoinWorkerThread.java:107) [scala-library-2.11.8.jar:?]
Caused by: java.lang.ClassNotFoundException: com.groupaxis.groupsuite.common.write.domain.model.user.UserMessages$FindUserByUsername
	at java.net.URLClassLoader.findClass(URLClassLoader.java:381) ~[?:1.8.0_161]
	at java.lang.ClassLoader.loadClass(ClassLoader.java:424) ~[?:1.8.0_161]
	at sun.misc.Launcher$AppClassLoader.loadClass(Launcher.java:338) ~[?:1.8.0_161]
	at java.lang.ClassLoader.loadClass(ClassLoader.java:357) ~[?:1.8.0_161]
	... 77 more
2020-01-17 10:19:51.686 ERROR [$1$$anonfun$applyOrElse$1] [L.71  ] Uncaught error from thread [groupsuite-routing-akka.actor.default-dispatcher-17] shutting down JVM since 'akka.jvm-exit-on-fatal-error' is enabled
java.lang.NoClassDefFoundError: com/groupaxis/groupsuite/common/write/domain/model/permission/PermissionMessages$FindAllPermissions
	at com.groupaxis.groupsuite.common.interfaces.http.HttpCommonService$$anonfun$permissionRoutes$1$$anonfun$apply$48$$anonfun$apply$49$$anonfun$apply$50$$anonfun$apply$51$$anonfun$apply$52.apply(HttpCommonService.scala:132) ~[classes/:?]
	at com.groupaxis.groupsuite.common.interfaces.http.HttpCommonService$$anonfun$permissionRoutes$1$$anonfun$apply$48$$anonfun$apply$49$$anonfun$apply$50$$anonfun$apply$51$$anonfun$apply$52.apply(HttpCommonService.scala:132) ~[classes/:?]
	at akka.http.scaladsl.server.directives.RouteDirectives$$anonfun$complete$1.apply(RouteDirectives.scala:59) ~[akka-http-experimental_2.11-2.4.4.jar:?]
	at akka.http.scaladsl.server.directives.RouteDirectives$$anonfun$complete$1.apply(RouteDirectives.scala:59) ~[akka-http-experimental_2.11-2.4.4.jar:?]
	at akka.http.scaladsl.server.StandardRoute$$anon$1.apply(StandardRoute.scala:19) ~[akka-http-experimental_2.11-2.4.4.jar:?]
	at akka.http.scaladsl.server.StandardRoute$$anon$1.apply(StandardRoute.scala:19) ~[akka-http-experimental_2.11-2.4.4.jar:?]
	at akka.http.scaladsl.server.directives.BasicDirectives$$anonfun$mapRouteResult$1$$anonfun$apply$3.apply(BasicDirectives.scala:52) ~[akka-http-experimental_2.11-2.4.4.jar:?]
	at akka.http.scaladsl.server.directives.BasicDirectives$$anonfun$mapRouteResult$1$$anonfun$apply$3.apply(BasicDirectives.scala:52) ~[akka-http-experimental_2.11-2.4.4.jar:?]
	at akka.http.scaladsl.server.directives.BasicDirectives$$anonfun$textract$1$$anonfun$apply$5.apply(BasicDirectives.scala:145) ~[akka-http-experimental_2.11-2.4.4.jar:?]
	at akka.http.scaladsl.server.directives.BasicDirectives$$anonfun$textract$1$$anonfun$apply$5.apply(BasicDirectives.scala:145) ~[akka-http-experimental_2.11-2.4.4.jar:?]
	at akka.http.scaladsl.server.directives.BasicDirectives$$anonfun$mapRequestContext$1$$anonfun$apply$1.apply(BasicDirectives.scala:34) ~[akka-http-experimental_2.11-2.4.4.jar:?]
	at akka.http.scaladsl.server.directives.BasicDirectives$$anonfun$mapRequestContext$1$$anonfun$apply$1.apply(BasicDirectives.scala:34) ~[akka-http-experimental_2.11-2.4.4.jar:?]
	at akka.http.scaladsl.server.directives.BasicDirectives$$anonfun$textract$1$$anonfun$apply$5.apply(BasicDirectives.scala:145) ~[akka-http-experimental_2.11-2.4.4.jar:?]
	at akka.http.scaladsl.server.directives.BasicDirectives$$anonfun$textract$1$$anonfun$apply$5.apply(BasicDirectives.scala:145) ~[akka-http-experimental_2.11-2.4.4.jar:?]
	at akka.http.scaladsl.server.directives.BasicDirectives$$anonfun$mapRouteResult$1$$anonfun$apply$3.apply(BasicDirectives.scala:52) ~[akka-http-experimental_2.11-2.4.4.jar:?]
	at akka.http.scaladsl.server.directives.BasicDirectives$$anonfun$mapRouteResult$1$$anonfun$apply$3.apply(BasicDirectives.scala:52) ~[akka-http-experimental_2.11-2.4.4.jar:?]
	at akka.http.scaladsl.server.directives.BasicDirectives$$anonfun$textract$1$$anonfun$apply$5.apply(BasicDirectives.scala:145) ~[akka-http-experimental_2.11-2.4.4.jar:?]
	at akka.http.scaladsl.server.directives.BasicDirectives$$anonfun$textract$1$$anonfun$apply$5.apply(BasicDirectives.scala:145) ~[akka-http-experimental_2.11-2.4.4.jar:?]
	at akka.http.scaladsl.server.directives.BasicDirectives$$anonfun$mapRequestContext$1$$anonfun$apply$1.apply(BasicDirectives.scala:34) ~[akka-http-experimental_2.11-2.4.4.jar:?]
	at akka.http.scaladsl.server.directives.BasicDirectives$$anonfun$mapRequestContext$1$$anonfun$apply$1.apply(BasicDirectives.scala:34) ~[akka-http-experimental_2.11-2.4.4.jar:?]
	at akka.http.scaladsl.server.directives.BasicDirectives$$anonfun$textract$1$$anonfun$apply$5.apply(BasicDirectives.scala:145) ~[akka-http-experimental_2.11-2.4.4.jar:?]
	at akka.http.scaladsl.server.directives.BasicDirectives$$anonfun$textract$1$$anonfun$apply$5.apply(BasicDirectives.scala:145) ~[akka-http-experimental_2.11-2.4.4.jar:?]
	at akka.http.scaladsl.server.directives.BasicDirectives$$anonfun$mapRouteResult$1$$anonfun$apply$3.apply(BasicDirectives.scala:52) ~[akka-http-experimental_2.11-2.4.4.jar:?]
	at akka.http.scaladsl.server.directives.BasicDirectives$$anonfun$mapRouteResult$1$$anonfun$apply$3.apply(BasicDirectives.scala:52) ~[akka-http-experimental_2.11-2.4.4.jar:?]
	at akka.http.scaladsl.server.directives.BasicDirectives$$anonfun$textract$1$$anonfun$apply$5.apply(BasicDirectives.scala:145) ~[akka-http-experimental_2.11-2.4.4.jar:?]
	at akka.http.scaladsl.server.directives.BasicDirectives$$anonfun$textract$1$$anonfun$apply$5.apply(BasicDirectives.scala:145) ~[akka-http-experimental_2.11-2.4.4.jar:?]
	at akka.http.scaladsl.server.RouteConcatenation$RouteWithConcatenation$$anonfun$$tilde$1$$anonfun$apply$1.apply(RouteConcatenation.scala:47) ~[akka-http-experimental_2.11-2.4.4.jar:?]
	at akka.http.scaladsl.server.RouteConcatenation$RouteWithConcatenation$$anonfun$$tilde$1$$anonfun$apply$1.apply(RouteConcatenation.scala:44) ~[akka-http-experimental_2.11-2.4.4.jar:?]
	at akka.http.scaladsl.util.FastFuture$.akka$http$scaladsl$util$FastFuture$$strictTransform$1(FastFuture.scala:41) ~[akka-http-core_2.11-2.4.4.jar:?]
	at akka.http.scaladsl.util.FastFuture$.transformWith$extension1(FastFuture.scala:45) ~[akka-http-core_2.11-2.4.4.jar:?]
	at akka.http.scaladsl.util.FastFuture$.flatMap$extension(FastFuture.scala:26) ~[akka-http-core_2.11-2.4.4.jar:?]
	at akka.http.scaladsl.server.RouteConcatenation$RouteWithConcatenation$$anonfun$$tilde$1.apply(RouteConcatenation.scala:44) ~[akka-http-experimental_2.11-2.4.4.jar:?]
	at akka.http.scaladsl.server.RouteConcatenation$RouteWithConcatenation$$anonfun$$tilde$1.apply(RouteConcatenation.scala:42) ~[akka-http-experimental_2.11-2.4.4.jar:?]
	at akka.http.scaladsl.server.RouteConcatenation$RouteWithConcatenation$$anonfun$$tilde$1.apply(RouteConcatenation.scala:44) ~[akka-http-experimental_2.11-2.4.4.jar:?]
	at akka.http.scaladsl.server.RouteConcatenation$RouteWithConcatenation$$anonfun$$tilde$1.apply(RouteConcatenation.scala:42) ~[akka-http-experimental_2.11-2.4.4.jar:?]
	at akka.http.scaladsl.server.RouteConcatenation$RouteWithConcatenation$$anonfun$$tilde$1.apply(RouteConcatenation.scala:44) ~[akka-http-experimental_2.11-2.4.4.jar:?]
	at akka.http.scaladsl.server.RouteConcatenation$RouteWithConcatenation$$anonfun$$tilde$1.apply(RouteConcatenation.scala:42) ~[akka-http-experimental_2.11-2.4.4.jar:?]
	at akka.http.scaladsl.server.RouteConcatenation$RouteWithConcatenation$$anonfun$$tilde$1.apply(RouteConcatenation.scala:44) ~[akka-http-experimental_2.11-2.4.4.jar:?]
	at akka.http.scaladsl.server.RouteConcatenation$RouteWithConcatenation$$anonfun$$tilde$1.apply(RouteConcatenation.scala:42) ~[akka-http-experimental_2.11-2.4.4.jar:?]
	at akka.http.scaladsl.server.directives.BasicDirectives$$anonfun$mapRouteResultWith$1$$anonfun$apply$4.apply(BasicDirectives.scala:58) ~[akka-http-experimental_2.11-2.4.4.jar:?]
	at akka.http.scaladsl.server.directives.BasicDirectives$$anonfun$mapRouteResultWith$1$$anonfun$apply$4.apply(BasicDirectives.scala:58) ~[akka-http-experimental_2.11-2.4.4.jar:?]
	at akka.http.scaladsl.server.directives.BasicDirectives$$anonfun$textract$1$$anonfun$apply$5.apply(BasicDirectives.scala:145) ~[akka-http-experimental_2.11-2.4.4.jar:?]
	at akka.http.scaladsl.server.directives.BasicDirectives$$anonfun$textract$1$$anonfun$apply$5.apply(BasicDirectives.scala:145) ~[akka-http-experimental_2.11-2.4.4.jar:?]
	at akka.http.scaladsl.server.directives.ExecutionDirectives$$anonfun$handleExceptions$1$$anonfun$apply$1.apply(ExecutionDirectives.scala:33) ~[akka-http-experimental_2.11-2.4.4.jar:?]
	at akka.http.scaladsl.server.directives.ExecutionDirectives$$anonfun$handleExceptions$1$$anonfun$apply$1.apply(ExecutionDirectives.scala:29) ~[akka-http-experimental_2.11-2.4.4.jar:?]
	at akka.http.scaladsl.server.Route$$anonfun$asyncHandler$1.apply(Route.scala:70) ~[akka-http-experimental_2.11-2.4.4.jar:?]
	at akka.http.scaladsl.server.Route$$anonfun$asyncHandler$1.apply(Route.scala:69) ~[akka-http-experimental_2.11-2.4.4.jar:?]
	at akka.stream.impl.fusing.MapAsync$$anon$8.onPush(Ops.scala:761) ~[akka-stream_2.11-2.4.4.jar:?]
	at akka.stream.impl.fusing.GraphInterpreter.processElement$1(GraphInterpreter.scala:587) ~[akka-stream_2.11-2.4.4.jar:?]
	at akka.stream.impl.fusing.GraphInterpreter.processEvent(GraphInterpreter.scala:598) ~[akka-stream_2.11-2.4.4.jar:?]
	at akka.stream.impl.fusing.GraphInterpreter.execute(GraphInterpreter.scala:539) ~[akka-stream_2.11-2.4.4.jar:?]
	at akka.stream.impl.fusing.GraphInterpreterShell.runBatch(ActorGraphInterpreter.scala:469) ~[akka-stream_2.11-2.4.4.jar:?]
	at akka.stream.impl.fusing.GraphInterpreterShell.receive(ActorGraphInterpreter.scala:421) ~[akka-stream_2.11-2.4.4.jar:?]
	at akka.stream.impl.fusing.ActorGraphInterpreter.akka$stream$impl$fusing$ActorGraphInterpreter$$processEvent(ActorGraphInterpreter.scala:593) ~[akka-stream_2.11-2.4.4.jar:?]
	at akka.stream.impl.fusing.ActorGraphInterpreter$$anonfun$receive$1.applyOrElse(ActorGraphInterpreter.scala:604) ~[akka-stream_2.11-2.4.4.jar:?]
	at akka.actor.Actor$class.aroundReceive(Actor.scala:482) ~[akka-actor_2.11-2.4.4.jar:?]
	at akka.stream.impl.fusing.ActorGraphInterpreter.aroundReceive(ActorGraphInterpreter.scala:519) ~[akka-stream_2.11-2.4.4.jar:?]
	at akka.actor.ActorCell.receiveMessage(ActorCell.scala:526) [akka-actor_2.11-2.4.4.jar:?]
	at akka.actor.ActorCell.invoke(ActorCell.scala:495) [akka-actor_2.11-2.4.4.jar:?]
	at akka.dispatch.Mailbox.processMailbox(Mailbox.scala:257) [akka-actor_2.11-2.4.4.jar:?]
	at akka.dispatch.Mailbox.run(Mailbox.scala:224) [akka-actor_2.11-2.4.4.jar:?]
	at akka.dispatch.Mailbox.exec(Mailbox.scala:234) [akka-actor_2.11-2.4.4.jar:?]
	at scala.concurrent.forkjoin.ForkJoinTask.doExec(ForkJoinTask.java:260) [scala-library-2.11.8.jar:?]
	at scala.concurrent.forkjoin.ForkJoinPool$WorkQueue.runTask(ForkJoinPool.java:1339) [scala-library-2.11.8.jar:?]
	at scala.concurrent.forkjoin.ForkJoinPool.runWorker(ForkJoinPool.java:1979) [scala-library-2.11.8.jar:?]
	at scala.concurrent.forkjoin.ForkJoinWorkerThread.run(ForkJoinWorkerThread.java:107) [scala-library-2.11.8.jar:?]
Caused by: java.lang.ClassNotFoundException: com.groupaxis.groupsuite.common.write.domain.model.permission.PermissionMessages$FindAllPermissions
	at java.net.URLClassLoader.findClass(URLClassLoader.java:381) ~[?:1.8.0_161]
	at java.lang.ClassLoader.loadClass(ClassLoader.java:424) ~[?:1.8.0_161]
	at sun.misc.Launcher$AppClassLoader.loadClass(Launcher.java:338) ~[?:1.8.0_161]
	at java.lang.ClassLoader.loadClass(ClassLoader.java:357) ~[?:1.8.0_161]
	... 66 more
