2020-01-15 10:49:49.075 ERROR [$1$$anonfun$applyOrElse$1] [L.71  ] Uncaught error from thread [groupsuite-simulator-akka.actor.default-dispatcher-25] shutting down JVM since 'akka.jvm-exit-on-fatal-error' is enabled
java.lang.NoClassDefFoundError: com/groupaxis/groupsuite/synchronizator/parser/GPParserHelper$
	at com.groupaxis.groupsuite.simulator.application.services.SimulatorWriteService$$anonfun$jobReceive$1$$anonfun$5$$anonfun$6.apply(SimulatorWriteService.scala:263) ~[classes/:?]
	at com.groupaxis.groupsuite.simulator.application.services.SimulatorWriteService$$anonfun$jobReceive$1$$anonfun$5$$anonfun$6.apply(SimulatorWriteService.scala:261) ~[classes/:?]
	at scala.collection.TraversableLike$$anonfun$map$1.apply(TraversableLike.scala:234) ~[scala-library-2.11.8.jar:?]
	at scala.collection.TraversableLike$$anonfun$map$1.apply(TraversableLike.scala:234) ~[scala-library-2.11.8.jar:?]
	at scala.collection.Iterator$class.foreach(Iterator.scala:893) ~[scala-library-2.11.8.jar:?]
	at scala.collection.AbstractIterator.foreach(Iterator.scala:1336) ~[scala-library-2.11.8.jar:?]
	at scala.collection.IterableLike$class.foreach(IterableLike.scala:72) ~[scala-library-2.11.8.jar:?]
	at scala.collection.AbstractIterable.foreach(Iterable.scala:54) ~[scala-library-2.11.8.jar:?]
	at scala.collection.TraversableLike$class.map(TraversableLike.scala:234) ~[scala-library-2.11.8.jar:?]
	at scala.collection.AbstractTraversable.map(Traversable.scala:104) ~[scala-library-2.11.8.jar:?]
	at com.groupaxis.groupsuite.simulator.application.services.SimulatorWriteService$$anonfun$jobReceive$1$$anonfun$5.apply(SimulatorWriteService.scala:261) ~[classes/:?]
	at com.groupaxis.groupsuite.simulator.application.services.SimulatorWriteService$$anonfun$jobReceive$1$$anonfun$5.apply(SimulatorWriteService.scala:257) ~[classes/:?]
	at scala.util.Either.fold(Either.scala:99) ~[scala-library-2.11.8.jar:?]
	at com.groupaxis.groupsuite.simulator.application.services.SimulatorWriteService$$anonfun$jobReceive$1.applyOrElse(SimulatorWriteService.scala:252) ~[classes/:?]
	at scala.PartialFunction$OrElse.applyOrElse(PartialFunction.scala:170) ~[scala-library-2.11.8.jar:?]
	at akka.actor.Actor$class.aroundReceive(Actor.scala:482) ~[akka-actor_2.11-2.4.4.jar:?]
	at com.groupaxis.groupsuite.simulator.application.services.SimulatorWriteService.aroundReceive(SimulatorWriteService.scala:58) ~[classes/:?]
	at akka.actor.ActorCell.receiveMessage(ActorCell.scala:526) [akka-actor_2.11-2.4.4.jar:?]
	at akka.actor.ActorCell.invoke(ActorCell.scala:495) [akka-actor_2.11-2.4.4.jar:?]
	at akka.dispatch.Mailbox.processMailbox(Mailbox.scala:257) [akka-actor_2.11-2.4.4.jar:?]
	at akka.dispatch.Mailbox.run(Mailbox.scala:224) [akka-actor_2.11-2.4.4.jar:?]
	at akka.dispatch.Mailbox.exec(Mailbox.scala:234) [akka-actor_2.11-2.4.4.jar:?]
	at scala.concurrent.forkjoin.ForkJoinTask.doExec(ForkJoinTask.java:260) [scala-library-2.11.8.jar:?]
	at scala.concurrent.forkjoin.ForkJoinPool$WorkQueue.runTask(ForkJoinPool.java:1339) [scala-library-2.11.8.jar:?]
	at scala.concurrent.forkjoin.ForkJoinPool.runWorker(ForkJoinPool.java:1979) [scala-library-2.11.8.jar:?]
	at scala.concurrent.forkjoin.ForkJoinWorkerThread.run(ForkJoinWorkerThread.java:107) [scala-library-2.11.8.jar:?]
Caused by: java.lang.ClassNotFoundException: com.groupaxis.groupsuite.synchronizator.parser.GPParserHelper$
	at java.net.URLClassLoader.findClass(URLClassLoader.java:381) ~[?:1.8.0_161]
	at java.lang.ClassLoader.loadClass(ClassLoader.java:424) ~[?:1.8.0_161]
	at sun.misc.Launcher$AppClassLoader.loadClass(Launcher.java:338) ~[?:1.8.0_161]
	at java.lang.ClassLoader.loadClass(ClassLoader.java:357) ~[?:1.8.0_161]
	... 26 more
